<?xml version="1.0" encoding="UTF-8"?>
<testng-results ignored="0" total="1" passed="1" failed="0" skipped="0">
  <reporter-output>
  </reporter-output>
  <suite started-at="2025-09-28T23:52:04 SGT" name="Para Bank Suite" finished-at="2025-09-28T23:52:21 SGT" duration-ms="16941">
    <groups>
    </groups>
    <test started-at="2025-09-28T23:52:04 SGT" name="Para Bank full flow" finished-at="2025-09-28T23:52:21 SGT" duration-ms="16941">
      <class name="FitaMavenProject.Parabank.ParaBankTest">
        <test-method is-config="true" signature="setUp(java.lang.String)[pri:0, instance:FitaMavenProject.Parabank.ParaBankTest@9f116cc]" started-at="2025-09-28T23:52:04 SGT" name="setUp" finished-at="2025-09-28T23:52:11 SGT" duration-ms="6454" status="PASS">
          <params>
            <param index="0">
              <value>
                <![CDATA[firefox]]>
              </value>
            </param>
          </params>
          <reporter-output>
          </reporter-output>
        </test-method> <!-- setUp -->
        <test-method signature="testFullEndToEndFlow()[pri:0, instance:FitaMavenProject.Parabank.ParaBankTest@9f116cc]" started-at="2025-09-28T23:52:11 SGT" name="testFullEndToEndFlow" finished-at="2025-09-28T23:52:20 SGT" duration-ms="9225" status="PASS">
          <reporter-output>
          </reporter-output>
        </test-method> <!-- testFullEndToEndFlow -->
        <test-method is-config="true" signature="tearDown()[pri:0, instance:FitaMavenProject.Parabank.ParaBankTest@9f116cc]" started-at="2025-09-28T23:52:20 SGT" name="tearDown" finished-at="2025-09-28T23:52:21 SGT" duration-ms="996" status="PASS">
          <reporter-output>
          </reporter-output>
        </test-method> <!-- tearDown -->
      </class> <!-- FitaMavenProject.Parabank.ParaBankTest -->
    </test> <!-- Para Bank full flow -->
  </suite> <!-- Para Bank Suite -->
</testng-results>
