<?xml version="1.0" encoding="UTF-8"?>
<testng-results ignored="0" total="1" passed="1" failed="0" skipped="0">
  <reporter-output>
  </reporter-output>
  <suite started-at="2025-10-02T22:58:36 GMT+08:00" name="Para Bank Suite" finished-at="2025-10-02T22:59:07 GMT+08:00" duration-ms="30150">
    <groups>
    </groups>
    <test started-at="2025-10-02T22:58:36 GMT+08:00" name="Para Bank full flow" finished-at="2025-10-02T22:59:07 GMT+08:00" duration-ms="30150">
      <class name="FitaMavenProject.Parabank.ParaBankEndToEnd">
        <test-method signature="paraBankEndToEnd()[pri:0, instance:FitaMavenProject.Parabank.ParaBankEndToEnd@1cbbffcd]" started-at="2025-10-02T22:58:36 GMT+08:00" name="paraBankEndToEnd" finished-at="2025-10-02T22:59:07 GMT+08:00" duration-ms="30093" status="PASS">
          <reporter-output>
          </reporter-output>
        </test-method> <!-- paraBankEndToEnd -->
      </class> <!-- FitaMavenProject.Parabank.ParaBankEndToEnd -->
    </test> <!-- Para Bank full flow -->
  </suite> <!-- Para Bank Suite -->
</testng-results>
